<?xml version="1.0" encoding="UTF-8"?>
<!-- Generated by org.testng.reporters.JUnitXMLReporter -->
<testsuite ignored="2" hostname="Atyam" failures="0" tests="1" name="Test_TC02" time="25.529" errors="0" timestamp="15 Mar 2019 11:55:41 GMT">
  <testcase classname="SamSung.Test8" name="TC02" time="25.446"/>
  <testcase classname="SamSung.Test8" name="TC03" time="0.0">
    <ignored/>
  </testcase> <!-- TC03 -->
  <testcase classname="SamSung.Test8" name="TC01" time="0.0">
    <ignored/>
  </testcase> <!-- TC01 -->
</testsuite> <!-- Test_TC02 -->
