<?xml version="1.0" encoding="UTF-8"?>
<testng-results ignored="0" total="1" passed="1" failed="0" skipped="0">
  <reporter-output>
  </reporter-output>
  <suite started-at="2019-03-19T03:11:04Z" name="Default suite" finished-at="2019-03-19T03:11:32Z" duration-ms="28543">
    <groups>
    </groups>
    <test started-at="2019-03-19T03:11:04Z" name="Default test" finished-at="2019-03-19T03:11:32Z" duration-ms="28543">
      <class name="EXPORT.Leavelist_export">
        <test-method is-config="true" signature="suiteSetup1()[pri:0, instance:EXPORT.Leavelist_export@7a675056]" started-at="2019-03-19T03:11:04Z" name="suiteSetup1" finished-at="2019-03-19T03:11:04Z" duration-ms="707" status="PASS">
          <reporter-output>
          </reporter-output>
        </test-method> <!-- suiteSetup1 -->
        <test-method signature="Data_driven_test()[pri:0, instance:EXPORT.Leavelist_export@7a675056]" started-at="2019-03-19T03:11:04Z" name="Data_driven_test" finished-at="2019-03-19T03:11:32Z" duration-ms="27316" status="PASS">
          <reporter-output>
          </reporter-output>
        </test-method> <!-- Data_driven_test -->
        <test-method is-config="true" signature="AftersuiteSetup2()[pri:0, instance:EXPORT.Leavelist_export@7a675056]" started-at="2019-03-19T03:11:32Z" name="AftersuiteSetup2" finished-at="2019-03-19T03:11:32Z" duration-ms="468" status="PASS">
          <reporter-output>
          </reporter-output>
        </test-method> <!-- AftersuiteSetup2 -->
      </class> <!-- EXPORT.Leavelist_export -->
    </test> <!-- Default test -->
  </suite> <!-- Default suite -->
</testng-results>
